This file contains any messages produced by compilers while
running configure, to aid debugging if configure makes a mistake.

It was created by cleantools configure 1.0.3, which was
generated by GNU Autoconf 2.59.  Invocation command line was

  $ ./configure --disable-openmp

## --------- ##
## Platform. ##
## --------- ##

hostname = humacao.astro.cornell.edu
uname -m = i686
uname -r = 2.6.27.24-78.2.53.fc9.i686
uname -s = Linux
uname -v = #1 SMP Wed May 20 23:51:32 EDT 2009

/usr/bin/uname -p = unknown
/bin/uname -X     = unknown

/bin/arch              = i686
/usr/bin/arch -k       = unknown
/usr/convex/getsysinfo = unknown
hostinfo               = unknown
/bin/machine           = unknown
/usr/bin/oslevel       = unknown
/bin/universe          = unknown

PATH: /usr/local/bin
PATH: /usr/bin
PATH: /bin
PATH: /usr/sbin
PATH: /usr/local/teTeX/bin
PATH: /usr/X11R6/bin
PATH: /home/dorado3/bin
PATH: /home/dorado3/aips++
PATH: /home/dorado3/aips++/lesstif
PATH: /usr/local/iraf/extern/x11iraf/bin
PATH: /home/dorado3/bin/pst_linux
PATH: .


## ----------- ##
## Core tests. ##
## ----------- ##

configure:1319: configuring clean tools v1.0.3; released 2009/06/09
configure:1375: checking for icc
configure:1404: result: no
configure:1375: checking for gcc
configure:1391: found /usr/bin/gcc
configure:1401: result: gcc
configure:1422: checking for C compiler version
configure:1425: gcc --version </dev/null >&5
gcc (GCC) 4.3.0 20080428 (Red Hat 4.3.0-8)
Copyright (C) 2008 Free Software Foundation, Inc.
This is free software; see the source for copying conditions.  There is NO
warranty; not even for MERCHANTABILITY or FITNESS FOR A PARTICULAR PURPOSE.

configure:1428: $? = 0
configure:1430: gcc -v </dev/null >&5
Using built-in specs.
Target: i386-redhat-linux
Configured with: ../configure --prefix=/usr --mandir=/usr/share/man --infodir=/usr/share/info --with-bugurl=http://bugzilla.redhat.com/bugzilla --enable-bootstrap --enable-shared --enable-threads=posix --enable-checking=release --with-system-zlib --enable-__cxa_atexit --disable-libunwind-exceptions --enable-languages=c,c++,objc,obj-c++,java,fortran,ada --enable-java-awt=gtk --disable-dssi --enable-plugin --with-java-home=/usr/lib/jvm/java-1.5.0-gcj-1.5.0.0/jre --enable-libgcj-multifile --enable-java-maintainer-mode --with-ecj-jar=/usr/share/java/eclipse-ecj.jar --disable-libjava-multilib --with-cpu=generic --build=i386-redhat-linux
Thread model: posix
gcc version 4.3.0 20080428 (Red Hat 4.3.0-8) (GCC) 
configure:1433: $? = 0
configure:1435: gcc -V </dev/null >&5
gcc: '-V' option must have argument
configure:1438: $? = 1
configure:1461: checking for C compiler default output file name
configure:1464: gcc    conftest.c  >&5
configure:1467: $? = 0
configure:1513: result: a.out
configure:1518: checking whether the C compiler works
configure:1524: ./a.out
configure:1527: $? = 0
configure:1544: result: yes
configure:1551: checking whether we are cross compiling
configure:1553: result: no
configure:1556: checking for suffix of executables
configure:1558: gcc -o conftest    conftest.c  >&5
configure:1561: $? = 0
configure:1586: result: 
configure:1592: checking for suffix of object files
configure:1613: gcc -c   conftest.c >&5
configure:1616: $? = 0
configure:1638: result: o
configure:1642: checking whether we are using the GNU C compiler
configure:1666: gcc -c   conftest.c >&5
configure:1672: $? = 0
configure:1676: test -z 
			 || test ! -s conftest.err
configure:1679: $? = 0
configure:1682: test -s conftest.o
configure:1685: $? = 0
configure:1698: result: yes
configure:1704: checking whether gcc accepts -g
configure:1725: gcc -c -g  conftest.c >&5
configure:1731: $? = 0
configure:1735: test -z 
			 || test ! -s conftest.err
configure:1738: $? = 0
configure:1741: test -s conftest.o
configure:1744: $? = 0
configure:1755: result: yes
configure:1772: checking for gcc option to accept ANSI C
configure:1842: gcc  -c -g -O2  conftest.c >&5
configure:1848: $? = 0
configure:1852: test -z 
			 || test ! -s conftest.err
configure:1855: $? = 0
configure:1858: test -s conftest.o
configure:1861: $? = 0
configure:1879: result: none needed
configure:1897: gcc -c -g -O2  conftest.c >&5
conftest.c:2: error: expected '=', ',', ';', 'asm' or '__attribute__' before 'me'
configure:1903: $? = 1
configure: failed program was:
| #ifndef __cplusplus
|   choke me
| #endif
configure:2037: checking whether gcc version is >= 4.3
configure:2061: gcc -c -g -O2  conftest.c >&5
configure:2067: $? = 0
configure:2071: test -z 
			 || test ! -s conftest.err
configure:2074: $? = 0
configure:2077: test -s conftest.o
configure:2080: $? = 0
configure:2083: result: yes
configure:2330: checking for cos in -lm
configure:2360: gcc -o conftest -g -O2   conftest.c -lm   >&5
conftest.c:16: warning: conflicting types for built-in function 'cos'
configure:2366: $? = 0
configure:2370: test -z 
			 || test ! -s conftest.err
configure:2373: $? = 0
configure:2376: test -s conftest
configure:2379: $? = 0
configure:2392: result: yes
configure:2404: checking for exp in -lm
configure:2434: gcc -o conftest -g -O2   conftest.c -lm  -lm  >&5
conftest.c:17: warning: conflicting types for built-in function 'exp'
configure:2440: $? = 0
configure:2444: test -z 
			 || test ! -s conftest.err
configure:2447: $? = 0
configure:2450: test -s conftest
configure:2453: $? = 0
configure:2466: result: yes
configure:2478: checking for pow in -lm
configure:2508: gcc -o conftest -g -O2   conftest.c -lm  -lm -lm  >&5
conftest.c:18: warning: conflicting types for built-in function 'pow'
configure:2514: $? = 0
configure:2518: test -z 
			 || test ! -s conftest.err
configure:2521: $? = 0
configure:2524: test -s conftest
configure:2527: $? = 0
configure:2540: result: yes
configure:2552: checking for sqrt in -lm
configure:2582: gcc -o conftest -g -O2   conftest.c -lm  -lm -lm -lm  >&5
conftest.c:19: warning: conflicting types for built-in function 'sqrt'
configure:2588: $? = 0
configure:2592: test -z 
			 || test ! -s conftest.err
configure:2595: $? = 0
configure:2598: test -s conftest
configure:2601: $? = 0
configure:2614: result: yes
configure:2632: checking how to run the C preprocessor
configure:2667: gcc -E  conftest.c
configure:2673: $? = 0
configure:2705: gcc -E  conftest.c
conftest.c:13:28: error: ac_nonexistent.h: No such file or directory
configure:2711: $? = 1
configure: failed program was:
| /* confdefs.h.  */
| 
| #define PACKAGE_NAME "cleantools"
| #define PACKAGE_TARNAME "cleantools"
| #define PACKAGE_VERSION "1.0.3"
| #define PACKAGE_STRING "cleantools 1.0.3"
| #define PACKAGE_BUGREPORT "jdowell@astro.indiana.edu"
| #define HAVE_LIBM 1
| #define HAVE_LIBM 1
| #define HAVE_LIBM 1
| #define HAVE_LIBM 1
| /* end confdefs.h.  */
| #include <ac_nonexistent.h>
configure:2750: result: gcc -E
configure:2774: gcc -E  conftest.c
configure:2780: $? = 0
configure:2812: gcc -E  conftest.c
conftest.c:13:28: error: ac_nonexistent.h: No such file or directory
configure:2818: $? = 1
configure: failed program was:
| /* confdefs.h.  */
| 
| #define PACKAGE_NAME "cleantools"
| #define PACKAGE_TARNAME "cleantools"
| #define PACKAGE_VERSION "1.0.3"
| #define PACKAGE_STRING "cleantools 1.0.3"
| #define PACKAGE_BUGREPORT "jdowell@astro.indiana.edu"
| #define HAVE_LIBM 1
| #define HAVE_LIBM 1
| #define HAVE_LIBM 1
| #define HAVE_LIBM 1
| /* end confdefs.h.  */
| #include <ac_nonexistent.h>
configure:2862: checking for egrep
configure:2872: result: grep -E
configure:2877: checking for ANSI C header files
configure:2902: gcc -c -g -O2  conftest.c >&5
configure:2908: $? = 0
configure:2912: test -z 
			 || test ! -s conftest.err
configure:2915: $? = 0
configure:2918: test -s conftest.o
configure:2921: $? = 0
configure:3010: gcc -o conftest -g -O2   conftest.c -lm -lm -lm -lm  >&5
conftest.c: In function 'main':
conftest.c:30: warning: incompatible implicit declaration of built-in function 'exit'
configure:3013: $? = 0
configure:3015: ./conftest
configure:3018: $? = 0
configure:3033: result: yes
configure:3057: checking for sys/types.h
configure:3073: gcc -c -g -O2  conftest.c >&5
configure:3079: $? = 0
configure:3083: test -z 
			 || test ! -s conftest.err
configure:3086: $? = 0
configure:3089: test -s conftest.o
configure:3092: $? = 0
configure:3103: result: yes
configure:3057: checking for sys/stat.h
configure:3073: gcc -c -g -O2  conftest.c >&5
configure:3079: $? = 0
configure:3083: test -z 
			 || test ! -s conftest.err
configure:3086: $? = 0
configure:3089: test -s conftest.o
configure:3092: $? = 0
configure:3103: result: yes
configure:3057: checking for stdlib.h
configure:3073: gcc -c -g -O2  conftest.c >&5
configure:3079: $? = 0
configure:3083: test -z 
			 || test ! -s conftest.err
configure:3086: $? = 0
configure:3089: test -s conftest.o
configure:3092: $? = 0
configure:3103: result: yes
configure:3057: checking for string.h
configure:3073: gcc -c -g -O2  conftest.c >&5
configure:3079: $? = 0
configure:3083: test -z 
			 || test ! -s conftest.err
configure:3086: $? = 0
configure:3089: test -s conftest.o
configure:3092: $? = 0
configure:3103: result: yes
configure:3057: checking for memory.h
configure:3073: gcc -c -g -O2  conftest.c >&5
configure:3079: $? = 0
configure:3083: test -z 
			 || test ! -s conftest.err
configure:3086: $? = 0
configure:3089: test -s conftest.o
configure:3092: $? = 0
configure:3103: result: yes
configure:3057: checking for strings.h
configure:3073: gcc -c -g -O2  conftest.c >&5
configure:3079: $? = 0
configure:3083: test -z 
			 || test ! -s conftest.err
configure:3086: $? = 0
configure:3089: test -s conftest.o
configure:3092: $? = 0
configure:3103: result: yes
configure:3057: checking for inttypes.h
configure:3073: gcc -c -g -O2  conftest.c >&5
configure:3079: $? = 0
configure:3083: test -z 
			 || test ! -s conftest.err
configure:3086: $? = 0
configure:3089: test -s conftest.o
configure:3092: $? = 0
configure:3103: result: yes
configure:3057: checking for stdint.h
configure:3073: gcc -c -g -O2  conftest.c >&5
configure:3079: $? = 0
configure:3083: test -z 
			 || test ! -s conftest.err
configure:3086: $? = 0
configure:3089: test -s conftest.o
configure:3092: $? = 0
configure:3103: result: yes
configure:3057: checking for unistd.h
configure:3073: gcc -c -g -O2  conftest.c >&5
configure:3079: $? = 0
configure:3083: test -z 
			 || test ! -s conftest.err
configure:3086: $? = 0
configure:3089: test -s conftest.o
configure:3092: $? = 0
configure:3103: result: yes
configure:3131: checking stdio.h usability
configure:3143: gcc -c -g -O2  conftest.c >&5
configure:3149: $? = 0
configure:3153: test -z 
			 || test ! -s conftest.err
configure:3156: $? = 0
configure:3159: test -s conftest.o
configure:3162: $? = 0
configure:3172: result: yes
configure:3176: checking stdio.h presence
configure:3186: gcc -E  conftest.c
configure:3192: $? = 0
configure:3212: result: yes
configure:3247: checking for stdio.h
configure:3254: result: yes
configure:3131: checking math.h usability
configure:3143: gcc -c -g -O2  conftest.c >&5
configure:3149: $? = 0
configure:3153: test -z 
			 || test ! -s conftest.err
configure:3156: $? = 0
configure:3159: test -s conftest.o
configure:3162: $? = 0
configure:3172: result: yes
configure:3176: checking math.h presence
configure:3186: gcc -E  conftest.c
configure:3192: $? = 0
configure:3212: result: yes
configure:3247: checking for math.h
configure:3254: result: yes
configure:3122: checking for string.h
configure:3127: result: yes
configure:3365: checking for idl_export.h
configure:3400: gcc -c -g -O2 -I/usr/local/itt/idl/external/include  conftest.c >&5
conftest.c:26:20: warning: extra tokens at end of #include directive
configure:3406: $? = 0
configure:3410: test -z 
			 || test ! -s conftest.err
configure:3413: $? = 0
configure:3416: test -s conftest.o
configure:3419: $? = 0
configure:3443: result: /usr/local/itt/idl/external/include
configure:3589: creating ./config.status

## ---------------------- ##
## Running config.status. ##
## ---------------------- ##

This file was extended by cleantools config.status 1.0.3, which was
generated by GNU Autoconf 2.59.  Invocation command line was

  CONFIG_FILES    = 
  CONFIG_HEADERS  = 
  CONFIG_LINKS    = 
  CONFIG_COMMANDS = 
  $ ./config.status 

on humacao.astro.cornell.edu

config.status:636: creating Makefile

## ---------------- ##
## Cache variables. ##
## ---------------- ##

ac_cv_c_compiler_gnu=yes
ac_cv_env_CC_set=
ac_cv_env_CC_value=
ac_cv_env_CFLAGS_set=
ac_cv_env_CFLAGS_value=
ac_cv_env_CPPFLAGS_set=
ac_cv_env_CPPFLAGS_value=
ac_cv_env_CPP_set=
ac_cv_env_CPP_value=
ac_cv_env_LDFLAGS_set=
ac_cv_env_LDFLAGS_value=
ac_cv_env_build_alias_set=
ac_cv_env_build_alias_value=
ac_cv_env_host_alias_set=
ac_cv_env_host_alias_value=
ac_cv_env_target_alias_set=
ac_cv_env_target_alias_value=
ac_cv_exeext=
ac_cv_header_inttypes_h=yes
ac_cv_header_math_h=yes
ac_cv_header_memory_h=yes
ac_cv_header_stdc=yes
ac_cv_header_stdint_h=yes
ac_cv_header_stdio_h=yes
ac_cv_header_stdlib_h=yes
ac_cv_header_string_h=yes
ac_cv_header_strings_h=yes
ac_cv_header_sys_stat_h=yes
ac_cv_header_sys_types_h=yes
ac_cv_header_unistd_h=yes
ac_cv_lib_m_cos=yes
ac_cv_lib_m_exp=yes
ac_cv_lib_m_pow=yes
ac_cv_lib_m_sqrt=yes
ac_cv_objext=o
ac_cv_pheader_IDL_HEADER=/usr/local/itt/idl/external/include
ac_cv_prog_CPP='gcc -E'
ac_cv_prog_ac_ct_CC=gcc
ac_cv_prog_cc_g=yes
ac_cv_prog_cc_stdc=
ac_cv_prog_egrep='grep -E'

## ----------------- ##
## Output variables. ##
## ----------------- ##

CC='gcc'
CFLAGS='-g -O2'
CPP='gcc -E'
CPPFLAGS=''
DEFS='-DPACKAGE_NAME=\"cleantools\" -DPACKAGE_TARNAME=\"cleantools\" -DPACKAGE_VERSION=\"1.0.3\" -DPACKAGE_STRING=\"cleantools\ 1.0.3\" -DPACKAGE_BUGREPORT=\"jdowell@astro.indiana.edu\" -DHAVE_LIBM=1 -DHAVE_LIBM=1 -DHAVE_LIBM=1 -DHAVE_LIBM=1 -DSTDC_HEADERS=1 -DHAVE_SYS_TYPES_H=1 -DHAVE_SYS_STAT_H=1 -DHAVE_STDLIB_H=1 -DHAVE_STRING_H=1 -DHAVE_MEMORY_H=1 -DHAVE_STRINGS_H=1 -DHAVE_INTTYPES_H=1 -DHAVE_STDINT_H=1 -DHAVE_UNISTD_H=1 -DHAVE_STDIO_H=1 -DHAVE_MATH_H=1 -DHAVE_STRING_H=1 '
ECHO_C=''
ECHO_N='-n'
ECHO_T=''
EGREP='grep -E'
EXEEXT=''
IDL_HEADER='/usr/local/itt/idl/external/include'
LDFLAGS=''
LIBOBJS=''
LIBS='-lm -lm -lm -lm '
LTLIBOBJS=''
OBJEXT='o'
OPENMP_CFLAGS=''
PACKAGE_BUGREPORT='jdowell@astro.indiana.edu'
PACKAGE_DATE='2009/06/09'
PACKAGE_NAME='cleantools'
PACKAGE_STRING='cleantools 1.0.3'
PACKAGE_TARNAME='cleantools'
PACKAGE_VERSION='1.0.3'
PATH_SEPARATOR=':'
SHELL='/bin/sh'
ac_ct_CC='gcc'
bindir='${exec_prefix}/bin'
build_alias=''
datadir='${prefix}/share'
exec_prefix='${prefix}'
host_alias=''
includedir='${prefix}/include'
infodir='${prefix}/info'
libdir='${exec_prefix}/lib'
libexecdir='${exec_prefix}/libexec'
localstatedir='${prefix}/var'
mandir='${prefix}/man'
oldincludedir='/usr/include'
prefix='/usr/local'
program_transform_name='s,x,x,'
sbindir='${exec_prefix}/sbin'
sharedstatedir='${prefix}/com'
sysconfdir='${prefix}/etc'
target_alias=''

## ----------- ##
## confdefs.h. ##
## ----------- ##

#define HAVE_INTTYPES_H 1
#define HAVE_LIBM 1
#define HAVE_LIBM 1
#define HAVE_LIBM 1
#define HAVE_LIBM 1
#define HAVE_MATH_H 1
#define HAVE_MEMORY_H 1
#define HAVE_STDINT_H 1
#define HAVE_STDIO_H 1
#define HAVE_STDLIB_H 1
#define HAVE_STRINGS_H 1
#define HAVE_STRING_H 1
#define HAVE_STRING_H 1
#define HAVE_SYS_STAT_H 1
#define HAVE_SYS_TYPES_H 1
#define HAVE_UNISTD_H 1
#define PACKAGE_BUGREPORT "jdowell@astro.indiana.edu"
#define PACKAGE_NAME "cleantools"
#define PACKAGE_STRING "cleantools 1.0.3"
#define PACKAGE_TARNAME "cleantools"
#define PACKAGE_VERSION "1.0.3"
#define STDC_HEADERS 1

configure: exit 0
